<?xml version="1.0" encoding="UTF-8"?>
<testsuite name="SILab2Test" tests="2" skipped="0" failures="0" errors="0" timestamp="2020-06-11T12:53:03" hostname="Ristovski" time="0.02">
  <properties/>
  <testcase name="everyBranch()" classname="SILab2Test" time="0.016"/>
  <testcase name="everyStatement()" classname="SILab2Test" time="0.003"/>
  <system-out><![CDATA[]]></system-out>
  <system-err><![CDATA[]]></system-err>
</testsuite>
